<?xml version="1.0" encoding="UTF-8" ?>
<testsuite failures="0" time="0.074" errors="0" skipped="0" tests="1" name="se.sics.p2ptoolbox.simulator.dsl.distribution.LongUniformDistributionTest">
  <properties>
    <property name="java.runtime.name" value="Java(TM) SE Runtime Environment"/>
    <property name="sun.boot.library.path" value="/home/salman/program_files/jdk1.6.0_35/jre/lib/amd64"/>
    <property name="java.vm.version" value="20.10-b01"/>
    <property name="java.vm.vendor" value="Sun Microsystems Inc."/>
    <property name="java.vendor.url" value="http://java.sun.com/"/>
    <property name="path.separator" value=":"/>
    <property name="guice.disable.misplaced.annotation.check" value="true"/>
    <property name="java.vm.name" value="Java HotSpot(TM) 64-Bit Server VM"/>
    <property name="file.encoding.pkg" value="sun.io"/>
    <property name="user.country" value="US"/>
    <property name="sun.java.launcher" value="SUN_STANDARD"/>
    <property name="sun.os.patch.level" value="unknown"/>
    <property name="java.vm.specification.name" value="Java Virtual Machine Specification"/>
    <property name="user.dir" value="/home/salman/code/id2210/globalcommon"/>
    <property name="java.runtime.version" value="1.6.0_35-b10"/>
    <property name="java.awt.graphicsenv" value="sun.awt.X11GraphicsEnvironment"/>
    <property name="java.endorsed.dirs" value="/home/salman/program_files/jdk1.6.0_35/jre/lib/endorsed"/>
    <property name="os.arch" value="amd64"/>
    <property name="java.io.tmpdir" value="/tmp"/>
    <property name="line.separator" value="
"/>
    <property name="java.vm.specification.vendor" value="Sun Microsystems Inc."/>
    <property name="os.name" value="Linux"/>
    <property name="classworlds.conf" value="/home/salman/program_files/netbeansDir/java/maven/bin/m2.conf"/>
    <property name="sun.jnu.encoding" value="UTF-8"/>
    <property name="java.library.path" value="/home/salman/program_files/jdk1.6.0_35/jre/lib/amd64/server:/home/salman/program_files/jdk1.6.0_35/jre/lib/amd64:/home/salman/program_files/jdk1.6.0_35/jre/../lib/amd64:/home/salman/program_files/jdk/jre/lib/amd64:/home/salman/program_files/jdk/jre/lib/i386::/home/salman/program_files/clusterj/:/home/salman/program_files/protobuf/src/.libs:/usr/java/packages/lib/amd64:/usr/lib64:/lib64:/lib:/usr/lib"/>
    <property name="java.specification.name" value="Java Platform API Specification"/>
    <property name="java.class.version" value="50.0"/>
    <property name="sun.management.compiler" value="HotSpot 64-Bit Tiered Compilers"/>
    <property name="os.version" value="3.13.0-44-generic"/>
    <property name="user.home" value="/home/salman"/>
    <property name="user.timezone" value="Europe/Stockholm"/>
    <property name="java.awt.printerjob" value="sun.print.PSPrinterJob"/>
    <property name="file.encoding" value="UTF-8"/>
    <property name="java.specification.version" value="1.6"/>
    <property name="user.name" value="salman"/>
    <property name="java.class.path" value="/home/salman/program_files/netbeansDir/java/maven/boot/plexus-classworlds-2.4.jar"/>
    <property name="java.vm.specification.version" value="1.0"/>
    <property name="sun.arch.data.model" value="64"/>
    <property name="java.home" value="/home/salman/program_files/jdk1.6.0_35/jre"/>
    <property name="sun.java.command" value="org.codehaus.plexus.classworlds.launcher.Launcher install"/>
    <property name="java.specification.vendor" value="Sun Microsystems Inc."/>
    <property name="user.language" value="en"/>
    <property name="java.vm.info" value="mixed mode"/>
    <property name="java.version" value="1.6.0_35"/>
    <property name="java.ext.dirs" value="/home/salman/program_files/jdk1.6.0_35/jre/lib/ext:/usr/java/packages/lib/ext"/>
    <property name="securerandom.source" value="file:/dev/./urandom"/>
    <property name="sun.boot.class.path" value="/home/salman/program_files/jdk1.6.0_35/jre/lib/resources.jar:/home/salman/program_files/jdk1.6.0_35/jre/lib/rt.jar:/home/salman/program_files/jdk1.6.0_35/jre/lib/sunrsasign.jar:/home/salman/program_files/jdk1.6.0_35/jre/lib/jsse.jar:/home/salman/program_files/jdk1.6.0_35/jre/lib/jce.jar:/home/salman/program_files/jdk1.6.0_35/jre/lib/charsets.jar:/home/salman/program_files/jdk1.6.0_35/jre/lib/modules/jdk.boot.jar:/home/salman/program_files/jdk1.6.0_35/jre/classes"/>
    <property name="java.vendor" value="Sun Microsystems Inc."/>
    <property name="maven.home" value="/home/salman/program_files/netbeansDir/java/maven"/>
    <property name="file.separator" value="/"/>
    <property name="java.vendor.url.bug" value="http://java.sun.com/cgi-bin/bugreport.cgi"/>
    <property name="sun.cpu.endian" value="little"/>
    <property name="sun.io.unicode.encoding" value="UnicodeLittle"/>
    <property name="sun.desktop" value="gnome"/>
    <property name="sun.cpu.isalist" value=""/>
  </properties>
  <testcase time="0.05" classname="se.sics.p2ptoolbox.simulator.dsl.distribution.LongUniformDistributionTest" name="testLongUniformDistribution"/>
</testsuite>